2023-05-18 19:05:717 INFO  HomePage :31 - Mouse hover on:[[ChromeDriver: chrome on WINDOWS (42f21e9ec88edf6f02f70fef85b5f601)] -> xpath: //a[normalize-space()='buy + sell']]
2023-05-18 19:05:140 INFO  HomePage :31 - Mouse hover on:[[ChromeDriver: chrome on WINDOWS (4608fa12495ba719e9bbcd428bd71e5d)] -> xpath: //a[normalize-space()='buy + sell']]
2023-05-18 19:05:607 INFO  UsedCarForSalePage :24 - Clicking on:[[ChromeDriver: chrome on WINDOWS (4608fa12495ba719e9bbcd428bd71e5d)] -> xpath: //a[normalize-space()='Used']]
2023-05-18 19:05:123 INFO  HomePage :31 - Mouse hover on:[[ChromeDriver: chrome on WINDOWS (bce861e06be54e148ac000b2a1be8a3e)] -> xpath: //a[normalize-space()='buy + sell']]
2023-05-18 19:05:248 INFO  UsedCarForSalePage :24 - Clicking on:[[ChromeDriver: chrome on WINDOWS (bce861e06be54e148ac000b2a1be8a3e)] -> xpath: //a[normalize-space()='Used']]
2023-05-18 19:05:747 INFO  HomePage :31 - Mouse hover on:[[ChromeDriver: chrome on WINDOWS (b047cea1714dfe1ecf3bd9df6ca2fc9a)] -> xpath: //a[normalize-space()='buy + sell']]
2023-05-18 19:05:994 INFO  UsedCarForSalePage :24 - Clicking on:[[ChromeDriver: chrome on WINDOWS (b047cea1714dfe1ecf3bd9df6ca2fc9a)] -> xpath: //a[normalize-space()='Used']]
2023-05-18 19:05:755 INFO  HomePage :31 - Mouse hover on:[[ChromeDriver: chrome on WINDOWS (b2815188ceb48a6bbc4e9830c47fff14)] -> xpath: //a[normalize-space()='buy + sell']]
2023-05-18 19:05:571 INFO  HomePage :31 - Mouse hover on:[[ChromeDriver: chrome on WINDOWS (471abf312838c5bed055416ff4a3511d)] -> xpath: //a[normalize-space()='buy + sell']]
2023-05-18 19:05:991 INFO  UsedCarForSalePage :24 - Clicking on:[[ChromeDriver: chrome on WINDOWS (471abf312838c5bed055416ff4a3511d)] -> xpath: //a[normalize-space()='Used']]
2023-05-18 19:05:489 INFO  HomePage :31 - Mouse hover on:[[ChromeDriver: chrome on WINDOWS (e5caf14e1e98c4ded4a638ee9c9e90b5)] -> xpath: //a[normalize-space()='buy + sell']]
2023-05-18 19:05:536 INFO  HomePage :35 - Clicking on:[[ChromeDriver: chrome on WINDOWS (e5caf14e1e98c4ded4a638ee9c9e90b5)] -> xpath: //a[normalize-space()='Search Cars']]
2023-05-18 19:05:590 INFO  NewAndUsedCarSearchPage :49 - Getting text from:[[ChromeDriver: chrome on WINDOWS (e5caf14e1e98c4ded4a638ee9c9e90b5)] -> xpath: //h1[normalize-space()='New & Used Car Search - carsguide']]
2023-05-18 19:05:766 INFO  NewAndUsedCarSearchPage :55 - Select from dropdown:[[ChromeDriver: chrome on WINDOWS (e5caf14e1e98c4ded4a638ee9c9e90b5)] -> xpath: //select[@id='makes']]
2023-05-18 19:05:875 INFO  NewAndUsedCarSearchPage :60 - Select from dropdown:[[ChromeDriver: chrome on WINDOWS (e5caf14e1e98c4ded4a638ee9c9e90b5)] -> xpath: //select[@id='models']]
2023-05-18 19:05:61 INFO  HomePage :31 - Mouse hover on:[[ChromeDriver: chrome on WINDOWS (523c698bc335fb7da47299e38eda57eb)] -> xpath: //a[normalize-space()='buy + sell']]
2023-05-18 19:05:193 INFO  HomePage :35 - Clicking on:[[ChromeDriver: chrome on WINDOWS (523c698bc335fb7da47299e38eda57eb)] -> xpath: //a[normalize-space()='Search Cars']]
2023-05-18 19:05:903 INFO  NewAndUsedCarSearchPage :49 - Getting text from:[[ChromeDriver: chrome on WINDOWS (523c698bc335fb7da47299e38eda57eb)] -> xpath: //h1[normalize-space()='New & Used Car Search - carsguide']]
2023-05-18 19:05:96 INFO  NewAndUsedCarSearchPage :55 - Select from dropdown:[[ChromeDriver: chrome on WINDOWS (523c698bc335fb7da47299e38eda57eb)] -> xpath: //select[@id='makes']]
2023-05-18 19:05:190 INFO  NewAndUsedCarSearchPage :60 - Select from dropdown:[[ChromeDriver: chrome on WINDOWS (523c698bc335fb7da47299e38eda57eb)] -> xpath: //select[@id='models']]
2023-05-18 19:05:789 INFO  HomePage :31 - Mouse hover on:[[ChromeDriver: chrome on WINDOWS (a9e4b1ba32fb1de5f4210bbd4cc91478)] -> xpath: //a[normalize-space()='buy + sell']]
2023-05-18 19:05:382 INFO  HomePage :35 - Clicking on:[[ChromeDriver: chrome on WINDOWS (a9e4b1ba32fb1de5f4210bbd4cc91478)] -> xpath: //a[normalize-space()='Search Cars']]
2023-05-18 19:05:429 INFO  NewAndUsedCarSearchPage :49 - Getting text from:[[ChromeDriver: chrome on WINDOWS (a9e4b1ba32fb1de5f4210bbd4cc91478)] -> xpath: //h1[normalize-space()='New & Used Car Search - carsguide']]
2023-05-18 19:05:608 INFO  NewAndUsedCarSearchPage :55 - Select from dropdown:[[ChromeDriver: chrome on WINDOWS (a9e4b1ba32fb1de5f4210bbd4cc91478)] -> xpath: //select[@id='makes']]
2023-05-18 19:05:269 INFO  HomePage :31 - Mouse hover on:[[ChromeDriver: chrome on WINDOWS (bbe66670c39d12f4c883c9095fd7a103)] -> xpath: //a[normalize-space()='buy + sell']]
2023-05-18 19:05:775 INFO  HomePage :35 - Clicking on:[[ChromeDriver: chrome on WINDOWS (bbe66670c39d12f4c883c9095fd7a103)] -> xpath: //a[normalize-space()='Search Cars']]
2023-05-18 19:05:845 INFO  NewAndUsedCarSearchPage :49 - Getting text from:[[ChromeDriver: chrome on WINDOWS (bbe66670c39d12f4c883c9095fd7a103)] -> xpath: //h1[normalize-space()='New & Used Car Search - carsguide']]
2023-05-18 19:05:999 INFO  NewAndUsedCarSearchPage :55 - Select from dropdown:[[ChromeDriver: chrome on WINDOWS (bbe66670c39d12f4c883c9095fd7a103)] -> xpath: //select[@id='makes']]
2023-05-18 19:05:149 INFO  NewAndUsedCarSearchPage :60 - Select from dropdown:[[ChromeDriver: chrome on WINDOWS (bbe66670c39d12f4c883c9095fd7a103)] -> xpath: //select[@id='models']]
2023-05-18 19:05:214 INFO  HomePage :31 - Mouse hover on:[[ChromeDriver: chrome on WINDOWS (d36ada5a35fd51ea56c43376588c1858)] -> xpath: //a[normalize-space()='buy + sell']]
2023-05-18 19:05:343 INFO  HomePage :35 - Clicking on:[[ChromeDriver: chrome on WINDOWS (d36ada5a35fd51ea56c43376588c1858)] -> xpath: //a[normalize-space()='Search Cars']]
2023-05-18 19:05:856 INFO  NewAndUsedCarSearchPage :49 - Getting text from:[[ChromeDriver: chrome on WINDOWS (d36ada5a35fd51ea56c43376588c1858)] -> xpath: //h1[normalize-space()='New & Used Car Search - carsguide']]
2023-05-18 19:05:33 INFO  NewAndUsedCarSearchPage :55 - Select from dropdown:[[ChromeDriver: chrome on WINDOWS (d36ada5a35fd51ea56c43376588c1858)] -> xpath: //select[@id='makes']]
2023-05-18 19:05:128 INFO  HomePage :31 - Mouse hover on:[[ChromeDriver: chrome on WINDOWS (4e0c66a1a721809cad8b6dc49dbc1ddb)] -> xpath: //a[normalize-space()='buy + sell']]
2023-05-18 19:05:621 INFO  HomePage :35 - Clicking on:[[ChromeDriver: chrome on WINDOWS (4e0c66a1a721809cad8b6dc49dbc1ddb)] -> xpath: //a[normalize-space()='Search Cars']]
2023-05-18 19:05:789 INFO  NewAndUsedCarSearchPage :49 - Getting text from:[[ChromeDriver: chrome on WINDOWS (4e0c66a1a721809cad8b6dc49dbc1ddb)] -> xpath: //h1[normalize-space()='New & Used Car Search - carsguide']]
2023-05-18 19:05:884 INFO  NewAndUsedCarSearchPage :55 - Select from dropdown:[[ChromeDriver: chrome on WINDOWS (4e0c66a1a721809cad8b6dc49dbc1ddb)] -> xpath: //select[@id='makes']]
2023-05-18 19:05:19 INFO  NewAndUsedCarSearchPage :60 - Select from dropdown:[[ChromeDriver: chrome on WINDOWS (4e0c66a1a721809cad8b6dc49dbc1ddb)] -> xpath: //select[@id='models']]
2023-05-18 19:05:149 INFO  HomePage :31 - Mouse hover on:[[ChromeDriver: chrome on WINDOWS (b3f8e1ad54ffbef820f28a9a3e13cc39)] -> xpath: //a[normalize-space()='buy + sell']]
2023-05-18 19:05:307 INFO  UsedCarForSalePage :24 - Clicking on:[[ChromeDriver: chrome on WINDOWS (b3f8e1ad54ffbef820f28a9a3e13cc39)] -> xpath: //a[normalize-space()='Used']]
2023-05-18 19:05:597 INFO  HomePage :31 - Mouse hover on:[[ChromeDriver: chrome on WINDOWS (577d8f4c2c9ae4b18311562774e327a0)] -> xpath: //a[normalize-space()='buy + sell']]
2023-05-18 19:05:733 INFO  UsedCarForSalePage :24 - Clicking on:[[ChromeDriver: chrome on WINDOWS (577d8f4c2c9ae4b18311562774e327a0)] -> xpath: //a[normalize-space()='Used']]
2023-05-18 19:05:726 INFO  HomePage :31 - Mouse hover on:[[ChromeDriver: chrome on WINDOWS (1cc9d1d6778cfd9f122025b4e3b108f6)] -> xpath: //a[normalize-space()='buy + sell']]
2023-05-18 19:05:836 INFO  UsedCarForSalePage :24 - Clicking on:[[ChromeDriver: chrome on WINDOWS (1cc9d1d6778cfd9f122025b4e3b108f6)] -> xpath: //a[normalize-space()='Used']]
2023-05-18 19:05:18 INFO  HomePage :31 - Mouse hover on:[[ChromeDriver: chrome on WINDOWS (e8b1afec68127d6647643fab11b2a483)] -> xpath: //a[normalize-space()='buy + sell']]
2023-05-18 19:05:122 INFO  UsedCarForSalePage :24 - Clicking on:[[ChromeDriver: chrome on WINDOWS (e8b1afec68127d6647643fab11b2a483)] -> xpath: //a[normalize-space()='Used']]
2023-05-18 19:05:884 INFO  HomePage :31 - Mouse hover on:[[ChromeDriver: chrome on WINDOWS (615b2af5268e83380841c4fd6e7c85cc)] -> xpath: //a[normalize-space()='buy + sell']]
2023-05-18 19:05:428 INFO  HomePage :35 - Clicking on:[[ChromeDriver: chrome on WINDOWS (615b2af5268e83380841c4fd6e7c85cc)] -> xpath: //a[normalize-space()='Search Cars']]
2023-05-18 19:05:656 INFO  NewAndUsedCarSearchPage :55 - Select from dropdown:[[ChromeDriver: chrome on WINDOWS (615b2af5268e83380841c4fd6e7c85cc)] -> xpath: //select[@id='makes']]
2023-05-18 19:05:834 INFO  NewAndUsedCarSearchPage :60 - Select from dropdown:[[ChromeDriver: chrome on WINDOWS (615b2af5268e83380841c4fd6e7c85cc)] -> xpath: //select[@id='models']]
2023-05-18 19:05:242 INFO  HomePage :31 - Mouse hover on:[[ChromeDriver: chrome on WINDOWS (dd6ac516e10ca0345c34dbfdaeaf5021)] -> xpath: //a[normalize-space()='buy + sell']]
2023-05-18 19:05:05 INFO  HomePage :35 - Clicking on:[[ChromeDriver: chrome on WINDOWS (dd6ac516e10ca0345c34dbfdaeaf5021)] -> xpath: //a[normalize-space()='Search Cars']]
2023-05-18 19:05:169 INFO  NewAndUsedCarSearchPage :55 - Select from dropdown:[[ChromeDriver: chrome on WINDOWS (dd6ac516e10ca0345c34dbfdaeaf5021)] -> xpath: //select[@id='makes']]
2023-05-18 19:05:341 INFO  NewAndUsedCarSearchPage :60 - Select from dropdown:[[ChromeDriver: chrome on WINDOWS (dd6ac516e10ca0345c34dbfdaeaf5021)] -> xpath: //select[@id='models']]
2023-05-18 19:05:326 INFO  HomePage :31 - Mouse hover on:[[ChromeDriver: chrome on WINDOWS (ebdf58efc1b9e428787a9ced17844c5a)] -> xpath: //a[normalize-space()='buy + sell']]
2023-05-18 19:05:71 INFO  HomePage :31 - Mouse hover on:[[ChromeDriver: chrome on WINDOWS (caf07331efc47c2547ac17c63f06571a)] -> xpath: //a[normalize-space()='buy + sell']]
2023-05-18 19:05:498 INFO  HomePage :31 - Mouse hover on:[[ChromeDriver: chrome on WINDOWS (135b67edb837a7c723ff07fb558ddc97)] -> xpath: //a[normalize-space()='buy + sell']]
2023-05-18 19:05:827 INFO  CarsDealershipPage :59 - Clicking on:[[ChromeDriver: chrome on WINDOWS (135b67edb837a7c723ff07fb558ddc97)] -> xpath: //a[normalize-space()='Find a Dealer']]
2023-05-18 19:05:867 INFO  CarsDealershipPage :39 - Getting text from : [[ChromeDriver: chrome on WINDOWS (135b67edb837a7c723ff07fb558ddc97)] -> xpath: //h1[normalize-space()='Find a Car Dealership Near You']]
2023-05-18 19:05:12 INFO  HomePage :35 - Clicking on:[[ChromeDriver: chrome on WINDOWS (caf07331efc47c2547ac17c63f06571a)] -> xpath: //a[normalize-space()='Search Cars']]
2023-05-18 19:05:381 INFO  NewAndUsedCarSearchPage :55 - Select from dropdown:[[ChromeDriver: chrome on WINDOWS (caf07331efc47c2547ac17c63f06571a)] -> xpath: //select[@id='makes']]
2023-05-18 19:05:548 INFO  HomePage :31 - Mouse hover on:[[ChromeDriver: chrome on WINDOWS (94d326ab9806ec7a15dae0f2436c25a2)] -> xpath: //a[normalize-space()='buy + sell']]
2023-05-18 19:05:103 INFO  CarsDealershipPage :59 - Clicking on:[[ChromeDriver: chrome on WINDOWS (94d326ab9806ec7a15dae0f2436c25a2)] -> xpath: //a[normalize-space()='Find a Dealer']]
2023-05-18 19:05:135 INFO  CarsDealershipPage :39 - Getting text from : [[ChromeDriver: chrome on WINDOWS (94d326ab9806ec7a15dae0f2436c25a2)] -> xpath: //h1[normalize-space()='Find a Car Dealership Near You']]
2023-05-18 19:05:899 INFO  HomePage :31 - Mouse hover on:[[ChromeDriver: chrome on WINDOWS (a39edce6ccc8fa89362a730391c45005)] -> xpath: //a[normalize-space()='buy + sell']]
2023-05-18 19:05:881 INFO  HomePage :31 - Mouse hover on:[[ChromeDriver: chrome on WINDOWS (61e7125b6db98f1248aeebb64dfcb5f5)] -> xpath: //a[normalize-space()='buy + sell']]
2023-05-18 19:05:470 INFO  HomePage :35 - Clicking on:[[ChromeDriver: chrome on WINDOWS (61e7125b6db98f1248aeebb64dfcb5f5)] -> xpath: //a[normalize-space()='Search Cars']]
2023-05-18 19:05:635 INFO  HomePage :31 - Mouse hover on:[[ChromeDriver: chrome on WINDOWS (fb9c600b2228659fbbe7c2ff53ddbc55)] -> xpath: //a[normalize-space()='buy + sell']]
2023-05-18 19:05:659 INFO  UsedCarForSalePage :24 - Clicking on:[[ChromeDriver: chrome on WINDOWS (fb9c600b2228659fbbe7c2ff53ddbc55)] -> xpath: //a[normalize-space()='Used']]
2023-05-18 19:05:683 INFO  HomePage :31 - Mouse hover on:[[ChromeDriver: chrome on WINDOWS (d9ecaa7de96f02c97337ef368ff6eb7c)] -> xpath: //a[normalize-space()='buy + sell']]
2023-05-18 19:05:814 INFO  UsedCarForSalePage :24 - Clicking on:[[ChromeDriver: chrome on WINDOWS (d9ecaa7de96f02c97337ef368ff6eb7c)] -> xpath: //a[normalize-space()='Used']]
2023-05-18 19:05:450 INFO  HomePage :31 - Mouse hover on:[[ChromeDriver: chrome on WINDOWS (2592bcc722eb3efcc9a5b537f1c31044)] -> xpath: //a[normalize-space()='buy + sell']]
2023-05-18 19:05:657 INFO  HomePage :35 - Clicking on:[[ChromeDriver: chrome on WINDOWS (2592bcc722eb3efcc9a5b537f1c31044)] -> xpath: //a[normalize-space()='Search Cars']]
2023-05-18 19:05:245 INFO  NewAndUsedCarSearchPage :55 - Select from dropdown:[[ChromeDriver: chrome on WINDOWS (2592bcc722eb3efcc9a5b537f1c31044)] -> xpath: //select[@id='makes']]
2023-05-18 19:05:398 INFO  NewAndUsedCarSearchPage :60 - Select from dropdown:[[ChromeDriver: chrome on WINDOWS (2592bcc722eb3efcc9a5b537f1c31044)] -> xpath: //select[@id='models']]
2023-05-18 19:05:655 INFO  HomePage :31 - Mouse hover on:[[ChromeDriver: chrome on WINDOWS (6d2d8d0881ba56b32db689cffc153393)] -> xpath: //a[normalize-space()='buy + sell']]
2023-05-18 19:05:162 INFO  HomePage :35 - Clicking on:[[ChromeDriver: chrome on WINDOWS (6d2d8d0881ba56b32db689cffc153393)] -> xpath: //a[normalize-space()='Search Cars']]
2023-05-18 19:05:434 INFO  NewAndUsedCarSearchPage :55 - Select from dropdown:[[ChromeDriver: chrome on WINDOWS (6d2d8d0881ba56b32db689cffc153393)] -> xpath: //select[@id='makes']]
2023-05-18 19:05:613 INFO  NewAndUsedCarSearchPage :60 - Select from dropdown:[[ChromeDriver: chrome on WINDOWS (6d2d8d0881ba56b32db689cffc153393)] -> xpath: //select[@id='models']]
2023-05-18 19:05:708 INFO  NewAndUsedCarSearchPage :65 - Select from dropdown:[[ChromeDriver: chrome on WINDOWS (6d2d8d0881ba56b32db689cffc153393)] -> xpath: //select[@id='locations']]
2023-05-18 19:05:798 INFO  NewAndUsedCarSearchPage :70 - Select from dropdown:[[ChromeDriver: chrome on WINDOWS (6d2d8d0881ba56b32db689cffc153393)] -> xpath: //select[@id='priceTo']]
2023-05-18 19:05:522 INFO  NewAndUsedCarSearchPage :76 - Clicking on:[[ChromeDriver: chrome on WINDOWS (6d2d8d0881ba56b32db689cffc153393)] -> xpath: //input[@id='search-submit']]
2023-05-18 19:05:556 INFO  NewAndUsedCarSearchPage :80 - Verify the result :[[ChromeDriver: chrome on WINDOWS (6d2d8d0881ba56b32db689cffc153393)] -> xpath: //h1[@class='listing-search-title']]
2023-05-18 19:05:506 INFO  HomePage :31 - Mouse hover on:[[ChromeDriver: chrome on WINDOWS (0f5a0ffa82852d0325615cf216c370d3)] -> xpath: //a[normalize-space()='buy + sell']]
2023-05-18 19:05:351 INFO  HomePage :35 - Clicking on:[[ChromeDriver: chrome on WINDOWS (0f5a0ffa82852d0325615cf216c370d3)] -> xpath: //a[normalize-space()='Search Cars']]
2023-05-18 19:05:557 INFO  NewAndUsedCarSearchPage :55 - Select from dropdown:[[ChromeDriver: chrome on WINDOWS (0f5a0ffa82852d0325615cf216c370d3)] -> xpath: //select[@id='makes']]
2023-05-18 19:05:699 INFO  NewAndUsedCarSearchPage :60 - Select from dropdown:[[ChromeDriver: chrome on WINDOWS (0f5a0ffa82852d0325615cf216c370d3)] -> xpath: //select[@id='models']]
2023-05-18 19:05:799 INFO  NewAndUsedCarSearchPage :65 - Select from dropdown:[[ChromeDriver: chrome on WINDOWS (0f5a0ffa82852d0325615cf216c370d3)] -> xpath: //select[@id='locations']]
2023-05-18 19:05:895 INFO  NewAndUsedCarSearchPage :70 - Select from dropdown:[[ChromeDriver: chrome on WINDOWS (0f5a0ffa82852d0325615cf216c370d3)] -> xpath: //select[@id='priceTo']]
2023-05-18 19:05:710 INFO  NewAndUsedCarSearchPage :76 - Clicking on:[[ChromeDriver: chrome on WINDOWS (0f5a0ffa82852d0325615cf216c370d3)] -> xpath: //input[@id='search-submit']]
2023-05-18 19:05:773 INFO  NewAndUsedCarSearchPage :80 - Verify the result :[[ChromeDriver: chrome on WINDOWS (0f5a0ffa82852d0325615cf216c370d3)] -> xpath: //h1[@class='listing-search-title']]
2023-05-18 19:05:123 INFO  HomePage :31 - Mouse hover on:[[ChromeDriver: chrome on WINDOWS (a9222f0252eba63387f11d13962a96a2)] -> xpath: //a[normalize-space()='buy + sell']]
2023-05-18 19:05:448 INFO  HomePage :35 - Clicking on:[[ChromeDriver: chrome on WINDOWS (a9222f0252eba63387f11d13962a96a2)] -> xpath: //a[normalize-space()='Search Cars']]
2023-05-18 19:05:101 INFO  NewAndUsedCarSearchPage :55 - Select from dropdown:[[ChromeDriver: chrome on WINDOWS (a9222f0252eba63387f11d13962a96a2)] -> xpath: //select[@id='makes']]
2023-05-18 19:05:258 INFO  NewAndUsedCarSearchPage :60 - Select from dropdown:[[ChromeDriver: chrome on WINDOWS (a9222f0252eba63387f11d13962a96a2)] -> xpath: //select[@id='models']]
2023-05-18 19:05:348 INFO  NewAndUsedCarSearchPage :65 - Select from dropdown:[[ChromeDriver: chrome on WINDOWS (a9222f0252eba63387f11d13962a96a2)] -> xpath: //select[@id='locations']]
2023-05-18 19:05:446 INFO  NewAndUsedCarSearchPage :70 - Select from dropdown:[[ChromeDriver: chrome on WINDOWS (a9222f0252eba63387f11d13962a96a2)] -> xpath: //select[@id='priceTo']]
2023-05-18 19:05:314 INFO  NewAndUsedCarSearchPage :76 - Clicking on:[[ChromeDriver: chrome on WINDOWS (a9222f0252eba63387f11d13962a96a2)] -> xpath: //input[@id='search-submit']]
2023-05-18 19:05:350 INFO  NewAndUsedCarSearchPage :80 - Verify the result :[[ChromeDriver: chrome on WINDOWS (a9222f0252eba63387f11d13962a96a2)] -> xpath: //h1[@class='listing-search-title']]
2023-05-18 19:05:10 INFO  HomePage :31 - Mouse hover on:[[ChromeDriver: chrome on WINDOWS (24873a7e3a085983544619a1c206eb1e)] -> xpath: //a[normalize-space()='buy + sell']]
2023-05-18 19:05:980 INFO  HomePage :31 - Mouse hover on:[[ChromeDriver: chrome on WINDOWS (016d8b01314a11563d73e53c94b9f763)] -> xpath: //a[normalize-space()='buy + sell']]
2023-05-18 19:05:642 INFO  HomePage :35 - Clicking on:[[ChromeDriver: chrome on WINDOWS (016d8b01314a11563d73e53c94b9f763)] -> xpath: //a[normalize-space()='Search Cars']]
2023-05-18 19:05:477 INFO  NewAndUsedCarSearchPage :55 - Select from dropdown:[[ChromeDriver: chrome on WINDOWS (016d8b01314a11563d73e53c94b9f763)] -> xpath: //select[@id='makes']]
2023-05-18 19:05:455 INFO  HomePage :31 - Mouse hover on:[[ChromeDriver: chrome on WINDOWS (00e27c7bc88f5ffd07f98e05d808b62a)] -> xpath: //a[normalize-space()='buy + sell']]
2023-05-18 19:05:12 INFO  HomePage :35 - Clicking on:[[ChromeDriver: chrome on WINDOWS (00e27c7bc88f5ffd07f98e05d808b62a)] -> xpath: //a[normalize-space()='Search Cars']]
2023-05-18 19:05:326 INFO  NewAndUsedCarSearchPage :55 - Select from dropdown:[[ChromeDriver: chrome on WINDOWS (00e27c7bc88f5ffd07f98e05d808b62a)] -> xpath: //select[@id='makes']]
2023-05-18 19:05:439 INFO  NewAndUsedCarSearchPage :60 - Select from dropdown:[[ChromeDriver: chrome on WINDOWS (00e27c7bc88f5ffd07f98e05d808b62a)] -> xpath: //select[@id='models']]
2023-05-18 19:05:547 INFO  NewAndUsedCarSearchPage :65 - Select from dropdown:[[ChromeDriver: chrome on WINDOWS (00e27c7bc88f5ffd07f98e05d808b62a)] -> xpath: //select[@id='locations']]
2023-05-18 19:05:632 INFO  NewAndUsedCarSearchPage :70 - Select from dropdown:[[ChromeDriver: chrome on WINDOWS (00e27c7bc88f5ffd07f98e05d808b62a)] -> xpath: //select[@id='priceTo']]
2023-05-18 19:05:399 INFO  NewAndUsedCarSearchPage :76 - Clicking on:[[ChromeDriver: chrome on WINDOWS (00e27c7bc88f5ffd07f98e05d808b62a)] -> xpath: //input[@id='search-submit']]
2023-05-18 19:05:432 INFO  NewAndUsedCarSearchPage :80 - Verify the result :[[ChromeDriver: chrome on WINDOWS (00e27c7bc88f5ffd07f98e05d808b62a)] -> xpath: //h1[@class='listing-search-title']]
2023-05-18 19:05:311 INFO  HomePage :31 - Mouse hover on:[[ChromeDriver: chrome on WINDOWS (a7c717b6c7c7a69b8881e026b18169f9)] -> xpath: //a[normalize-space()='buy + sell']]
2023-05-18 19:05:507 INFO  HomePage :35 - Clicking on:[[ChromeDriver: chrome on WINDOWS (a7c717b6c7c7a69b8881e026b18169f9)] -> xpath: //a[normalize-space()='Search Cars']]
2023-05-18 19:05:355 INFO  NewAndUsedCarSearchPage :55 - Select from dropdown:[[ChromeDriver: chrome on WINDOWS (a7c717b6c7c7a69b8881e026b18169f9)] -> xpath: //select[@id='makes']]
2023-05-18 19:05:756 INFO  HomePage :31 - Mouse hover on:[[ChromeDriver: chrome on WINDOWS (c6ab7c35c85a1e20ce6f56818c467ea9)] -> xpath: //a[normalize-space()='buy + sell']]
2023-05-18 19:05:43 INFO  HomePage :35 - Clicking on:[[ChromeDriver: chrome on WINDOWS (c6ab7c35c85a1e20ce6f56818c467ea9)] -> xpath: //a[normalize-space()='Search Cars']]
2023-05-18 19:05:355 INFO  NewAndUsedCarSearchPage :55 - Select from dropdown:[[ChromeDriver: chrome on WINDOWS (c6ab7c35c85a1e20ce6f56818c467ea9)] -> xpath: //select[@id='makes']]
2023-05-18 19:05:459 INFO  NewAndUsedCarSearchPage :60 - Select from dropdown:[[ChromeDriver: chrome on WINDOWS (c6ab7c35c85a1e20ce6f56818c467ea9)] -> xpath: //select[@id='models']]
2023-05-18 19:05:550 INFO  NewAndUsedCarSearchPage :65 - Select from dropdown:[[ChromeDriver: chrome on WINDOWS (c6ab7c35c85a1e20ce6f56818c467ea9)] -> xpath: //select[@id='locations']]
2023-05-18 19:05:640 INFO  NewAndUsedCarSearchPage :70 - Select from dropdown:[[ChromeDriver: chrome on WINDOWS (c6ab7c35c85a1e20ce6f56818c467ea9)] -> xpath: //select[@id='priceTo']]
2023-05-18 19:05:266 INFO  NewAndUsedCarSearchPage :76 - Clicking on:[[ChromeDriver: chrome on WINDOWS (c6ab7c35c85a1e20ce6f56818c467ea9)] -> xpath: //input[@id='search-submit']]
2023-05-18 19:05:297 INFO  NewAndUsedCarSearchPage :80 - Verify the result :[[ChromeDriver: chrome on WINDOWS (c6ab7c35c85a1e20ce6f56818c467ea9)] -> xpath: //h1[@class='listing-search-title']]
2023-05-18 19:05:377 INFO  HomePage :31 - Mouse hover on:[[ChromeDriver: chrome on WINDOWS (8bbd559ca524a5914c94bd03120b4887)] -> xpath: //a[normalize-space()='buy + sell']]
2023-05-18 19:05:532 INFO  HomePage :35 - Clicking on:[[ChromeDriver: chrome on WINDOWS (8bbd559ca524a5914c94bd03120b4887)] -> xpath: //a[normalize-space()='Search Cars']]
2023-05-18 19:05:236 INFO  NewAndUsedCarSearchPage :55 - Select from dropdown:[[ChromeDriver: chrome on WINDOWS (8bbd559ca524a5914c94bd03120b4887)] -> xpath: //select[@id='makes']]
2023-05-18 19:05:449 INFO  NewAndUsedCarSearchPage :60 - Select from dropdown:[[ChromeDriver: chrome on WINDOWS (8bbd559ca524a5914c94bd03120b4887)] -> xpath: //select[@id='models']]
2023-05-18 19:05:544 INFO  NewAndUsedCarSearchPage :65 - Select from dropdown:[[ChromeDriver: chrome on WINDOWS (8bbd559ca524a5914c94bd03120b4887)] -> xpath: //select[@id='locations']]
2023-05-18 19:05:634 INFO  NewAndUsedCarSearchPage :70 - Select from dropdown:[[ChromeDriver: chrome on WINDOWS (8bbd559ca524a5914c94bd03120b4887)] -> xpath: //select[@id='priceTo']]
2023-05-18 19:05:402 INFO  NewAndUsedCarSearchPage :76 - Clicking on:[[ChromeDriver: chrome on WINDOWS (8bbd559ca524a5914c94bd03120b4887)] -> xpath: //input[@id='search-submit']]
2023-05-18 19:05:506 INFO  NewAndUsedCarSearchPage :80 - Verify the result :[[ChromeDriver: chrome on WINDOWS (8bbd559ca524a5914c94bd03120b4887)] -> xpath: //h1[@class='listing-search-title']]
2023-05-18 19:05:816 INFO  HomePage :31 - Mouse hover on:[[ChromeDriver: chrome on WINDOWS (fde41f2e8566c74f4b9604aeb3906a97)] -> xpath: //a[normalize-space()='buy + sell']]
2023-05-18 19:05:370 INFO  HomePage :35 - Clicking on:[[ChromeDriver: chrome on WINDOWS (fde41f2e8566c74f4b9604aeb3906a97)] -> xpath: //a[normalize-space()='Search Cars']]
2023-05-18 19:05:613 INFO  NewAndUsedCarSearchPage :55 - Select from dropdown:[[ChromeDriver: chrome on WINDOWS (fde41f2e8566c74f4b9604aeb3906a97)] -> xpath: //select[@id='makes']]
2023-05-18 19:05:713 INFO  NewAndUsedCarSearchPage :60 - Select from dropdown:[[ChromeDriver: chrome on WINDOWS (fde41f2e8566c74f4b9604aeb3906a97)] -> xpath: //select[@id='models']]
2023-05-18 19:05:862 INFO  NewAndUsedCarSearchPage :65 - Select from dropdown:[[ChromeDriver: chrome on WINDOWS (fde41f2e8566c74f4b9604aeb3906a97)] -> xpath: //select[@id='locations']]
2023-05-18 19:05:950 INFO  NewAndUsedCarSearchPage :70 - Select from dropdown:[[ChromeDriver: chrome on WINDOWS (fde41f2e8566c74f4b9604aeb3906a97)] -> xpath: //select[@id='priceTo']]
2023-05-18 19:05:317 INFO  NewAndUsedCarSearchPage :76 - Clicking on:[[ChromeDriver: chrome on WINDOWS (fde41f2e8566c74f4b9604aeb3906a97)] -> xpath: //input[@id='search-submit']]
2023-05-18 19:05:479 INFO  NewAndUsedCarSearchPage :80 - Verify the result :[[ChromeDriver: chrome on WINDOWS (fde41f2e8566c74f4b9604aeb3906a97)] -> xpath: //h1[@class='listing-search-title']]
2023-05-18 19:05:948 INFO  HomePage :31 - Mouse hover on:[[ChromeDriver: chrome on WINDOWS (1bb0678d7fb8060ee26e206c8ea60712)] -> xpath: //a[normalize-space()='buy + sell']]
2023-05-18 19:05:52 INFO  HomePage :35 - Clicking on:[[ChromeDriver: chrome on WINDOWS (1bb0678d7fb8060ee26e206c8ea60712)] -> xpath: //a[normalize-space()='Search Cars']]
2023-05-18 19:05:849 INFO  NewAndUsedCarSearchPage :55 - Select from dropdown:[[ChromeDriver: chrome on WINDOWS (1bb0678d7fb8060ee26e206c8ea60712)] -> xpath: //select[@id='makes']]
2023-05-18 19:05:19 INFO  HomePage :31 - Mouse hover on:[[ChromeDriver: chrome on WINDOWS (14e71a3385e6d446482241b44886107f)] -> xpath: //a[normalize-space()='buy + sell']]
2023-05-18 19:05:491 INFO  HomePage :35 - Clicking on:[[ChromeDriver: chrome on WINDOWS (14e71a3385e6d446482241b44886107f)] -> xpath: //a[normalize-space()='Search Cars']]
2023-05-18 19:05:711 INFO  NewAndUsedCarSearchPage :55 - Select from dropdown:[[ChromeDriver: chrome on WINDOWS (14e71a3385e6d446482241b44886107f)] -> xpath: //select[@id='makes']]
2023-05-18 19:05:953 INFO  NewAndUsedCarSearchPage :60 - Select from dropdown:[[ChromeDriver: chrome on WINDOWS (14e71a3385e6d446482241b44886107f)] -> xpath: //select[@id='models']]
2023-05-18 19:05:44 INFO  NewAndUsedCarSearchPage :65 - Select from dropdown:[[ChromeDriver: chrome on WINDOWS (14e71a3385e6d446482241b44886107f)] -> xpath: //select[@id='locations']]
2023-05-18 19:05:127 INFO  NewAndUsedCarSearchPage :70 - Select from dropdown:[[ChromeDriver: chrome on WINDOWS (14e71a3385e6d446482241b44886107f)] -> xpath: //select[@id='priceTo']]
2023-05-18 19:05:567 INFO  NewAndUsedCarSearchPage :76 - Clicking on:[[ChromeDriver: chrome on WINDOWS (14e71a3385e6d446482241b44886107f)] -> xpath: //input[@id='search-submit']]
2023-05-18 19:05:661 INFO  NewAndUsedCarSearchPage :80 - Verify the result :[[ChromeDriver: chrome on WINDOWS (14e71a3385e6d446482241b44886107f)] -> xpath: //h1[@class='listing-search-title']]
2023-05-18 19:05:310 INFO  HomePage :31 - Mouse hover on:[[ChromeDriver: chrome on WINDOWS (74eaf30e22dc1e4627fb32011c6d2eb2)] -> xpath: //a[normalize-space()='buy + sell']]
2023-05-18 19:05:404 INFO  HomePage :35 - Clicking on:[[ChromeDriver: chrome on WINDOWS (74eaf30e22dc1e4627fb32011c6d2eb2)] -> xpath: //a[normalize-space()='Search Cars']]
2023-05-18 19:05:651 INFO  NewAndUsedCarSearchPage :55 - Select from dropdown:[[ChromeDriver: chrome on WINDOWS (74eaf30e22dc1e4627fb32011c6d2eb2)] -> xpath: //select[@id='makes']]
2023-05-18 19:05:601 INFO  HomePage :31 - Mouse hover on:[[ChromeDriver: chrome on WINDOWS (6d61e2a4b1eee78438b4f99f68974862)] -> xpath: //a[normalize-space()='buy + sell']]
2023-05-18 19:05:709 INFO  HomePage :35 - Clicking on:[[ChromeDriver: chrome on WINDOWS (6d61e2a4b1eee78438b4f99f68974862)] -> xpath: //a[normalize-space()='Search Cars']]
2023-05-18 19:05:472 INFO  NewAndUsedCarSearchPage :55 - Select from dropdown:[[ChromeDriver: chrome on WINDOWS (6d61e2a4b1eee78438b4f99f68974862)] -> xpath: //select[@id='makes']]
2023-05-18 19:05:566 INFO  NewAndUsedCarSearchPage :60 - Select from dropdown:[[ChromeDriver: chrome on WINDOWS (6d61e2a4b1eee78438b4f99f68974862)] -> xpath: //select[@id='models']]
2023-05-18 19:05:698 INFO  NewAndUsedCarSearchPage :65 - Select from dropdown:[[ChromeDriver: chrome on WINDOWS (6d61e2a4b1eee78438b4f99f68974862)] -> xpath: //select[@id='locations']]
2023-05-18 19:05:782 INFO  NewAndUsedCarSearchPage :70 - Select from dropdown:[[ChromeDriver: chrome on WINDOWS (6d61e2a4b1eee78438b4f99f68974862)] -> xpath: //select[@id='priceTo']]
2023-05-18 19:05:658 INFO  NewAndUsedCarSearchPage :76 - Clicking on:[[ChromeDriver: chrome on WINDOWS (6d61e2a4b1eee78438b4f99f68974862)] -> xpath: //input[@id='search-submit']]
2023-05-18 19:05:780 INFO  NewAndUsedCarSearchPage :80 - Verify the result :[[ChromeDriver: chrome on WINDOWS (6d61e2a4b1eee78438b4f99f68974862)] -> xpath: //h1[@class='listing-search-title']]
2023-05-18 19:05:450 INFO  HomePage :31 - Mouse hover on:[[ChromeDriver: chrome on WINDOWS (ef8ea7cad4f0b205209443b9b1e6a9e4)] -> xpath: //a[normalize-space()='buy + sell']]
2023-05-18 19:05:578 INFO  HomePage :35 - Clicking on:[[ChromeDriver: chrome on WINDOWS (ef8ea7cad4f0b205209443b9b1e6a9e4)] -> xpath: //a[normalize-space()='Search Cars']]
2023-05-18 19:05:253 INFO  NewAndUsedCarSearchPage :55 - Select from dropdown:[[ChromeDriver: chrome on WINDOWS (ef8ea7cad4f0b205209443b9b1e6a9e4)] -> xpath: //select[@id='makes']]
2023-05-18 19:05:924 INFO  HomePage :31 - Mouse hover on:[[ChromeDriver: chrome on WINDOWS (886a2c205d267c17b29d5e7637be1806)] -> xpath: //a[normalize-space()='buy + sell']]
2023-05-18 19:05:608 INFO  HomePage :35 - Clicking on:[[ChromeDriver: chrome on WINDOWS (886a2c205d267c17b29d5e7637be1806)] -> xpath: //a[normalize-space()='Search Cars']]
2023-05-18 19:05:828 INFO  NewAndUsedCarSearchPage :55 - Select from dropdown:[[ChromeDriver: chrome on WINDOWS (886a2c205d267c17b29d5e7637be1806)] -> xpath: //select[@id='makes']]
2023-05-18 20:05:714 INFO  HomePage :31 - Mouse hover on:[[ChromeDriver: chrome on WINDOWS (71b6b6e440ea78f9be7f29fe7a669938)] -> xpath: //a[normalize-space()='buy + sell']]
2023-05-18 20:05:490 INFO  HomePage :35 - Clicking on:[[ChromeDriver: chrome on WINDOWS (71b6b6e440ea78f9be7f29fe7a669938)] -> xpath: //a[normalize-space()='Search Cars']]
2023-05-18 20:05:716 INFO  NewAndUsedCarSearchPage :55 - Select from dropdown:[[ChromeDriver: chrome on WINDOWS (71b6b6e440ea78f9be7f29fe7a669938)] -> xpath: //select[@id='makes']]
2023-05-18 20:05:650 INFO  HomePage :31 - Mouse hover on:[[ChromeDriver: chrome on WINDOWS (cd0ddcba48abd9ff712cdf67e5ce8627)] -> xpath: //a[normalize-space()='buy + sell']]
2023-05-18 20:05:222 INFO  HomePage :35 - Clicking on:[[ChromeDriver: chrome on WINDOWS (cd0ddcba48abd9ff712cdf67e5ce8627)] -> xpath: //a[normalize-space()='Search Cars']]
2023-05-18 20:05:464 INFO  NewAndUsedCarSearchPage :55 - Select from dropdown:[[ChromeDriver: chrome on WINDOWS (cd0ddcba48abd9ff712cdf67e5ce8627)] -> xpath: //select[@id='makes']]
2023-05-18 20:05:595 INFO  NewAndUsedCarSearchPage :61 - Select from dropdown:[[ChromeDriver: chrome on WINDOWS (cd0ddcba48abd9ff712cdf67e5ce8627)] -> xpath: //select[@id='models']]
2023-05-18 20:05:731 INFO  NewAndUsedCarSearchPage :66 - Select from dropdown:[[ChromeDriver: chrome on WINDOWS (cd0ddcba48abd9ff712cdf67e5ce8627)] -> xpath: //select[@id='locations']]
2023-05-18 20:05:835 INFO  NewAndUsedCarSearchPage :71 - Select from dropdown:[[ChromeDriver: chrome on WINDOWS (cd0ddcba48abd9ff712cdf67e5ce8627)] -> xpath: //select[@id='priceTo']]
2023-05-18 20:05:308 INFO  NewAndUsedCarSearchPage :77 - Clicking on:[[ChromeDriver: chrome on WINDOWS (cd0ddcba48abd9ff712cdf67e5ce8627)] -> xpath: //input[@id='search-submit']]
2023-05-18 20:05:340 INFO  NewAndUsedCarSearchPage :81 - Verify the result :[[ChromeDriver: chrome on WINDOWS (cd0ddcba48abd9ff712cdf67e5ce8627)] -> xpath: //h1[@class='listing-search-title']]
2023-05-18 20:05:991 INFO  HomePage :31 - Mouse hover on:[[ChromeDriver: chrome on WINDOWS (f20341e91658f6ed051763d612c37248)] -> xpath: //a[normalize-space()='buy + sell']]
2023-05-18 20:05:770 INFO  HomePage :35 - Clicking on:[[ChromeDriver: chrome on WINDOWS (f20341e91658f6ed051763d612c37248)] -> xpath: //a[normalize-space()='Search Cars']]
2023-05-18 20:05:00 INFO  NewAndUsedCarSearchPage :55 - Select from dropdown:[[ChromeDriver: chrome on WINDOWS (f20341e91658f6ed051763d612c37248)] -> xpath: //select[@id='makes']]
2023-05-18 20:05:128 INFO  NewAndUsedCarSearchPage :61 - Select from dropdown:[[ChromeDriver: chrome on WINDOWS (f20341e91658f6ed051763d612c37248)] -> xpath: //select[@id='models']]
2023-05-18 20:05:227 INFO  NewAndUsedCarSearchPage :66 - Select from dropdown:[[ChromeDriver: chrome on WINDOWS (f20341e91658f6ed051763d612c37248)] -> xpath: //select[@id='locations']]
2023-05-18 20:05:372 INFO  NewAndUsedCarSearchPage :71 - Select from dropdown:[[ChromeDriver: chrome on WINDOWS (f20341e91658f6ed051763d612c37248)] -> xpath: //select[@id='priceTo']]
2023-05-18 20:05:227 INFO  NewAndUsedCarSearchPage :77 - Clicking on:[[ChromeDriver: chrome on WINDOWS (f20341e91658f6ed051763d612c37248)] -> xpath: //input[@id='search-submit']]
2023-05-18 20:05:261 INFO  NewAndUsedCarSearchPage :81 - Verify the result :[[ChromeDriver: chrome on WINDOWS (f20341e91658f6ed051763d612c37248)] -> xpath: //h1[@class='listing-search-title']]
2023-05-18 20:05:216 INFO  HomePage :31 - Mouse hover on:[[ChromeDriver: chrome on WINDOWS (751a7c611ddd9611989354429a9a1164)] -> xpath: //a[normalize-space()='buy + sell']]
2023-05-18 20:05:859 INFO  HomePage :35 - Clicking on:[[ChromeDriver: chrome on WINDOWS (751a7c611ddd9611989354429a9a1164)] -> xpath: //a[normalize-space()='Search Cars']]
2023-05-18 20:05:75 INFO  NewAndUsedCarSearchPage :55 - Select from dropdown:[[ChromeDriver: chrome on WINDOWS (751a7c611ddd9611989354429a9a1164)] -> xpath: //select[@id='makes']]
2023-05-18 20:05:178 INFO  NewAndUsedCarSearchPage :61 - Select from dropdown:[[ChromeDriver: chrome on WINDOWS (751a7c611ddd9611989354429a9a1164)] -> xpath: //select[@id='models']]
2023-05-18 20:05:281 INFO  NewAndUsedCarSearchPage :66 - Select from dropdown:[[ChromeDriver: chrome on WINDOWS (751a7c611ddd9611989354429a9a1164)] -> xpath: //select[@id='locations']]
2023-05-18 20:05:410 INFO  NewAndUsedCarSearchPage :71 - Select from dropdown:[[ChromeDriver: chrome on WINDOWS (751a7c611ddd9611989354429a9a1164)] -> xpath: //select[@id='priceTo']]
2023-05-18 20:05:906 INFO  NewAndUsedCarSearchPage :77 - Clicking on:[[ChromeDriver: chrome on WINDOWS (751a7c611ddd9611989354429a9a1164)] -> xpath: //input[@id='search-submit']]
2023-05-18 20:05:934 INFO  NewAndUsedCarSearchPage :81 - Verify the result :[[ChromeDriver: chrome on WINDOWS (751a7c611ddd9611989354429a9a1164)] -> xpath: //h1[@class='listing-search-title']]
2023-05-18 20:05:489 INFO  HomePage :31 - Mouse hover on:[[ChromeDriver: chrome on WINDOWS (463fae171427a1be568c4c1583b66b96)] -> xpath: //a[normalize-space()='buy + sell']]
2023-05-18 20:05:85 INFO  HomePage :31 - Mouse hover on:[[ChromeDriver: chrome on WINDOWS (55a08a722b360be5a78bc3b1f19e47f5)] -> xpath: //a[normalize-space()='buy + sell']]
2023-05-18 20:05:621 INFO  HomePage :35 - Clicking on:[[ChromeDriver: chrome on WINDOWS (55a08a722b360be5a78bc3b1f19e47f5)] -> xpath: //a[normalize-space()='Search Cars']]
2023-05-18 20:05:841 INFO  NewAndUsedCarSearchPage :55 - Select from dropdown:[[ChromeDriver: chrome on WINDOWS (55a08a722b360be5a78bc3b1f19e47f5)] -> xpath: //select[@id='makes']]
2023-05-18 20:05:988 INFO  NewAndUsedCarSearchPage :61 - Select from dropdown:[[ChromeDriver: chrome on WINDOWS (55a08a722b360be5a78bc3b1f19e47f5)] -> xpath: //select[@id='models']]
2023-05-18 20:05:79 INFO  NewAndUsedCarSearchPage :66 - Select from dropdown:[[ChromeDriver: chrome on WINDOWS (55a08a722b360be5a78bc3b1f19e47f5)] -> xpath: //select[@id='locations']]
2023-05-18 20:05:171 INFO  NewAndUsedCarSearchPage :71 - Select from dropdown:[[ChromeDriver: chrome on WINDOWS (55a08a722b360be5a78bc3b1f19e47f5)] -> xpath: //select[@id='priceTo']]
2023-05-18 20:05:813 INFO  NewAndUsedCarSearchPage :77 - Clicking on:[[ChromeDriver: chrome on WINDOWS (55a08a722b360be5a78bc3b1f19e47f5)] -> xpath: //input[@id='search-submit']]
2023-05-18 20:05:843 INFO  NewAndUsedCarSearchPage :81 - Verify the result :[[ChromeDriver: chrome on WINDOWS (55a08a722b360be5a78bc3b1f19e47f5)] -> xpath: //h1[@class='listing-search-title']]
2023-05-18 20:05:660 INFO  HomePage :31 - Mouse hover on:[[ChromeDriver: chrome on WINDOWS (fef0d27cc44a6ab5435e6ac4873b7ac7)] -> xpath: //a[normalize-space()='buy + sell']]
2023-05-18 20:05:823 INFO  HomePage :35 - Clicking on:[[ChromeDriver: chrome on WINDOWS (fef0d27cc44a6ab5435e6ac4873b7ac7)] -> xpath: //a[normalize-space()='Search Cars']]
2023-05-18 20:05:561 INFO  NewAndUsedCarSearchPage :55 - Select from dropdown:[[ChromeDriver: chrome on WINDOWS (fef0d27cc44a6ab5435e6ac4873b7ac7)] -> xpath: //select[@id='makes']]
2023-05-18 20:05:731 INFO  NewAndUsedCarSearchPage :61 - Select from dropdown:[[ChromeDriver: chrome on WINDOWS (fef0d27cc44a6ab5435e6ac4873b7ac7)] -> xpath: //select[@id='models']]
2023-05-18 20:05:891 INFO  NewAndUsedCarSearchPage :66 - Select from dropdown:[[ChromeDriver: chrome on WINDOWS (fef0d27cc44a6ab5435e6ac4873b7ac7)] -> xpath: //select[@id='locations']]
2023-05-18 20:05:986 INFO  NewAndUsedCarSearchPage :71 - Select from dropdown:[[ChromeDriver: chrome on WINDOWS (fef0d27cc44a6ab5435e6ac4873b7ac7)] -> xpath: //select[@id='priceTo']]
2023-05-18 20:05:376 INFO  NewAndUsedCarSearchPage :77 - Clicking on:[[ChromeDriver: chrome on WINDOWS (fef0d27cc44a6ab5435e6ac4873b7ac7)] -> xpath: //input[@id='search-submit']]
2023-05-18 20:05:419 INFO  NewAndUsedCarSearchPage :81 - Verify the result :[[ChromeDriver: chrome on WINDOWS (fef0d27cc44a6ab5435e6ac4873b7ac7)] -> xpath: //h1[@class='listing-search-title']]
2023-05-18 20:05:99 INFO  HomePage :31 - Mouse hover on:[[ChromeDriver: chrome on WINDOWS (37c25fbad62e276d21fc852aaa270bee)] -> xpath: //a[normalize-space()='buy + sell']]
2023-05-18 20:05:753 INFO  HomePage :35 - Clicking on:[[ChromeDriver: chrome on WINDOWS (37c25fbad62e276d21fc852aaa270bee)] -> xpath: //a[normalize-space()='Search Cars']]
2023-05-18 20:05:976 INFO  NewAndUsedCarSearchPage :55 - Select from dropdown:[[ChromeDriver: chrome on WINDOWS (37c25fbad62e276d21fc852aaa270bee)] -> xpath: //select[@id='makes']]
2023-05-18 20:05:145 INFO  NewAndUsedCarSearchPage :61 - Select from dropdown:[[ChromeDriver: chrome on WINDOWS (37c25fbad62e276d21fc852aaa270bee)] -> xpath: //select[@id='models']]
2023-05-18 20:05:270 INFO  NewAndUsedCarSearchPage :66 - Select from dropdown:[[ChromeDriver: chrome on WINDOWS (37c25fbad62e276d21fc852aaa270bee)] -> xpath: //select[@id='locations']]
2023-05-18 20:05:355 INFO  NewAndUsedCarSearchPage :71 - Select from dropdown:[[ChromeDriver: chrome on WINDOWS (37c25fbad62e276d21fc852aaa270bee)] -> xpath: //select[@id='priceTo']]
2023-05-18 20:05:296 INFO  NewAndUsedCarSearchPage :77 - Clicking on:[[ChromeDriver: chrome on WINDOWS (37c25fbad62e276d21fc852aaa270bee)] -> xpath: //input[@id='search-submit']]
2023-05-18 20:05:500 INFO  NewAndUsedCarSearchPage :81 - Verify the result :[[ChromeDriver: chrome on WINDOWS (37c25fbad62e276d21fc852aaa270bee)] -> xpath: //h1[@class='listing-search-title']]
2023-05-18 20:05:983 INFO  HomePage :31 - Mouse hover on:[[ChromeDriver: chrome on WINDOWS (510af9dc3e2baacaab0953c839c923d5)] -> xpath: //a[normalize-space()='buy + sell']]
2023-05-18 20:05:27 INFO  HomePage :31 - Mouse hover on:[[ChromeDriver: chrome on WINDOWS (8bc2f5bd72d60a8c68ee69e8597adbeb)] -> xpath: //a[normalize-space()='buy + sell']]
2023-05-18 20:05:404 INFO  CarsDealershipPage :59 - Clicking on:[[ChromeDriver: chrome on WINDOWS (8bc2f5bd72d60a8c68ee69e8597adbeb)] -> xpath: //a[normalize-space()='Find a Dealer']]
2023-05-18 20:05:201 INFO  CarsDealershipPage :54 - Find dealers name:[[[ChromeDriver: chrome on WINDOWS (8bc2f5bd72d60a8c68ee69e8597adbeb)] -> class name: dealerListing--name], [[ChromeDriver: chrome on WINDOWS (8bc2f5bd72d60a8c68ee69e8597adbeb)] -> class name: dealerListing--name], [[ChromeDriver: chrome on WINDOWS (8bc2f5bd72d60a8c68ee69e8597adbeb)] -> class name: dealerListing--name], [[ChromeDriver: chrome on WINDOWS (8bc2f5bd72d60a8c68ee69e8597adbeb)] -> class name: dealerListing--name], [[ChromeDriver: chrome on WINDOWS (8bc2f5bd72d60a8c68ee69e8597adbeb)] -> class name: dealerListing--name], [[ChromeDriver: chrome on WINDOWS (8bc2f5bd72d60a8c68ee69e8597adbeb)] -> class name: dealerListing--name], [[ChromeDriver: chrome on WINDOWS (8bc2f5bd72d60a8c68ee69e8597adbeb)] -> class name: dealerListing--name]]
2023-05-18 20:05:784 INFO  HomePage :31 - Mouse hover on:[[ChromeDriver: chrome on WINDOWS (70bbd07dc184890dc5f5bb46ab6eb7f4)] -> xpath: //a[normalize-space()='buy + sell']]
2023-05-18 20:05:56 INFO  CarsDealershipPage :59 - Clicking on:[[ChromeDriver: chrome on WINDOWS (70bbd07dc184890dc5f5bb46ab6eb7f4)] -> xpath: //a[normalize-space()='Find a Dealer']]
2023-05-18 20:05:939 INFO  CarsDealershipPage :54 - Find dealers name:[[[ChromeDriver: chrome on WINDOWS (70bbd07dc184890dc5f5bb46ab6eb7f4)] -> class name: dealerListing--name], [[ChromeDriver: chrome on WINDOWS (70bbd07dc184890dc5f5bb46ab6eb7f4)] -> class name: dealerListing--name], [[ChromeDriver: chrome on WINDOWS (70bbd07dc184890dc5f5bb46ab6eb7f4)] -> class name: dealerListing--name], [[ChromeDriver: chrome on WINDOWS (70bbd07dc184890dc5f5bb46ab6eb7f4)] -> class name: dealerListing--name], [[ChromeDriver: chrome on WINDOWS (70bbd07dc184890dc5f5bb46ab6eb7f4)] -> class name: dealerListing--name], [[ChromeDriver: chrome on WINDOWS (70bbd07dc184890dc5f5bb46ab6eb7f4)] -> class name: dealerListing--name], [[ChromeDriver: chrome on WINDOWS (70bbd07dc184890dc5f5bb46ab6eb7f4)] -> class name: dealerListing--name]]
2023-05-18 20:05:963 INFO  HomePage :31 - Mouse hover on:[[ChromeDriver: chrome on WINDOWS (afeb0dede04e5400a0ac02a139a163c9)] -> xpath: //a[normalize-space()='buy + sell']]
2023-05-18 20:05:399 INFO  CarsDealershipPage :59 - Clicking on:[[ChromeDriver: chrome on WINDOWS (afeb0dede04e5400a0ac02a139a163c9)] -> xpath: //a[normalize-space()='Find a Dealer']]
2023-05-18 20:05:213 INFO  CarsDealershipPage :54 - Find dealers name:[[[ChromeDriver: chrome on WINDOWS (afeb0dede04e5400a0ac02a139a163c9)] -> class name: dealerListing--name], [[ChromeDriver: chrome on WINDOWS (afeb0dede04e5400a0ac02a139a163c9)] -> class name: dealerListing--name], [[ChromeDriver: chrome on WINDOWS (afeb0dede04e5400a0ac02a139a163c9)] -> class name: dealerListing--name], [[ChromeDriver: chrome on WINDOWS (afeb0dede04e5400a0ac02a139a163c9)] -> class name: dealerListing--name], [[ChromeDriver: chrome on WINDOWS (afeb0dede04e5400a0ac02a139a163c9)] -> class name: dealerListing--name], [[ChromeDriver: chrome on WINDOWS (afeb0dede04e5400a0ac02a139a163c9)] -> class name: dealerListing--name], [[ChromeDriver: chrome on WINDOWS (afeb0dede04e5400a0ac02a139a163c9)] -> class name: dealerListing--name]]
2023-05-18 20:05:755 INFO  HomePage :31 - Mouse hover on:[[ChromeDriver: chrome on WINDOWS (30f39bbcf3cb93fb08da78506cced8ea)] -> xpath: //a[normalize-space()='buy + sell']]
2023-05-18 20:05:906 INFO  CarsDealershipPage :63 - Clicking on:[[ChromeDriver: chrome on WINDOWS (30f39bbcf3cb93fb08da78506cced8ea)] -> xpath: //a[normalize-space()='Find a Dealer']]
2023-05-18 20:05:521 INFO  HomePage :31 - Mouse hover on:[[ChromeDriver: chrome on WINDOWS (72fc8f786b0df82570f6e6488f1696ce)] -> xpath: //a[normalize-space()='buy + sell']]
2023-05-18 20:05:932 INFO  CarsDealershipPage :63 - Clicking on:[[ChromeDriver: chrome on WINDOWS (72fc8f786b0df82570f6e6488f1696ce)] -> xpath: //a[normalize-space()='Find a Dealer']]
2023-05-18 20:05:69 INFO  HomePage :31 - Mouse hover on:[[ChromeDriver: chrome on WINDOWS (0deb3f3a290c18af92c5d265c5ad4a0a)] -> xpath: //a[normalize-space()='buy + sell']]
2023-05-18 20:05:204 INFO  CarsDealershipPage :60 - Clicking on:[[ChromeDriver: chrome on WINDOWS (0deb3f3a290c18af92c5d265c5ad4a0a)] -> xpath: //a[normalize-space()='Find a Dealer']]
2023-05-18 20:05:749 INFO  HomePage :31 - Mouse hover on:[[ChromeDriver: chrome on WINDOWS (a2463f28af4c4e09f86dde40ecc47216)] -> xpath: //a[normalize-space()='buy + sell']]
2023-05-18 20:05:765 INFO  CarsDealershipPage :64 - Clicking on:[[ChromeDriver: chrome on WINDOWS (a2463f28af4c4e09f86dde40ecc47216)] -> xpath: //a[normalize-space()='Find a Dealer']]
2023-05-18 20:05:764 INFO  HomePage :31 - Mouse hover on:[[ChromeDriver: chrome on WINDOWS (3094dfcc89018479972c41f470b178bf)] -> xpath: //a[normalize-space()='buy + sell']]
2023-05-18 20:05:932 INFO  CarsDealershipPage :66 - Clicking on:[[ChromeDriver: chrome on WINDOWS (3094dfcc89018479972c41f470b178bf)] -> xpath: //a[normalize-space()='Find a Dealer']]
2023-05-18 20:05:153 INFO  HomePage :31 - Mouse hover on:[[ChromeDriver: chrome on WINDOWS (29c4b91a40fcb6322a9b9cd0066ef793)] -> xpath: //a[normalize-space()='buy + sell']]
2023-05-18 20:05:293 INFO  CarsDealershipPage :66 - Clicking on:[[ChromeDriver: chrome on WINDOWS (29c4b91a40fcb6322a9b9cd0066ef793)] -> xpath: //a[normalize-space()='Find a Dealer']]
2023-05-18 20:05:133 INFO  HomePage :31 - Mouse hover on:[[ChromeDriver: chrome on WINDOWS (b9d7cd9b877a687eb6ee32b83df9c86b)] -> xpath: //a[normalize-space()='buy + sell']]
2023-05-18 20:05:266 INFO  CarsDealershipPage :66 - Clicking on:[[ChromeDriver: chrome on WINDOWS (b9d7cd9b877a687eb6ee32b83df9c86b)] -> xpath: //a[normalize-space()='Find a Dealer']]
2023-05-18 20:05:983 INFO  HomePage :31 - Mouse hover on:[[ChromeDriver: chrome on WINDOWS (01244abb4e2586d60c78a7443bd56f1f)] -> xpath: //a[normalize-space()='buy + sell']]
2023-05-18 20:05:316 INFO  CarsDealershipPage :66 - Clicking on:[[ChromeDriver: chrome on WINDOWS (01244abb4e2586d60c78a7443bd56f1f)] -> xpath: //a[normalize-space()='Find a Dealer']]
2023-05-18 20:05:379 INFO  HomePage :31 - Mouse hover on:[[ChromeDriver: chrome on WINDOWS (6548ef4c7db8f91f31f0de108c1650d5)] -> xpath: //a[normalize-space()='buy + sell']]
2023-05-18 20:05:617 INFO  CarsDealershipPage :67 - Clicking on:[[ChromeDriver: chrome on WINDOWS (6548ef4c7db8f91f31f0de108c1650d5)] -> xpath: //a[normalize-space()='Find a Dealer']]
2023-05-18 20:05:168 INFO  HomePage :31 - Mouse hover on:[[ChromeDriver: chrome on WINDOWS (2f33d4a844ec8635abb30e58df16aa94)] -> xpath: //a[normalize-space()='buy + sell']]
2023-05-18 20:05:332 INFO  CarsDealershipPage :67 - Clicking on:[[ChromeDriver: chrome on WINDOWS (2f33d4a844ec8635abb30e58df16aa94)] -> xpath: //a[normalize-space()='Find a Dealer']]
2023-05-18 20:05:577 INFO  HomePage :31 - Mouse hover on:[[ChromeDriver: chrome on WINDOWS (2a32d09cbe3e3b65c66b07b075774e8e)] -> xpath: //a[normalize-space()='buy + sell']]
2023-05-18 20:05:708 INFO  CarsDealershipPage :66 - Clicking on:[[ChromeDriver: chrome on WINDOWS (2a32d09cbe3e3b65c66b07b075774e8e)] -> xpath: //a[normalize-space()='Find a Dealer']]
2023-05-18 21:05:608 INFO  HomePage :31 - Mouse hover on:[[ChromeDriver: chrome on WINDOWS (25692d22802217a318e777c21349e294)] -> xpath: //a[normalize-space()='buy + sell']]
2023-05-18 21:05:738 INFO  CarsDealershipPage :66 - Clicking on:[[ChromeDriver: chrome on WINDOWS (25692d22802217a318e777c21349e294)] -> xpath: //a[normalize-space()='Find a Dealer']]
2023-05-18 22:05:212 INFO  HomePage :31 - Mouse hover on:[[ChromeDriver: chrome on WINDOWS (a54d38f4afe6e01c8cf93a47191e0c86)] -> xpath: //a[normalize-space()='buy + sell']]
2023-05-18 22:05:450 INFO  CarsDealershipPage :66 - Clicking on:[[ChromeDriver: chrome on WINDOWS (a54d38f4afe6e01c8cf93a47191e0c86)] -> xpath: //a[normalize-space()='Find a Dealer']]
2023-05-18 22:05:972 INFO  HomePage :31 - Mouse hover on:[[ChromeDriver: chrome on WINDOWS (6f52f3ce51cab99ed659c9146a180081)] -> xpath: //a[normalize-space()='buy + sell']]
2023-05-18 22:05:665 INFO  CarsDealershipPage :66 - Clicking on:[[ChromeDriver: chrome on WINDOWS (6f52f3ce51cab99ed659c9146a180081)] -> xpath: //a[normalize-space()='Find a Dealer']]
2023-05-18 22:05:120 INFO  HomePage :31 - Mouse hover on:[[ChromeDriver: chrome on WINDOWS (4d75bea76544a7bdb5a719f2157a7ba7)] -> xpath: //a[normalize-space()='buy + sell']]
2023-05-18 22:05:953 INFO  CarsDealershipPage :67 - Clicking on:[[ChromeDriver: chrome on WINDOWS (4d75bea76544a7bdb5a719f2157a7ba7)] -> xpath: //a[normalize-space()='Find a Dealer']]
2023-05-18 22:05:550 INFO  HomePage :31 - Mouse hover on:[[ChromeDriver: chrome on WINDOWS (534cc44398e07ca50f01e0e16853a2e1)] -> xpath: //a[normalize-space()='buy + sell']]
2023-05-18 22:05:800 INFO  CarsDealershipPage :67 - Clicking on:[[ChromeDriver: chrome on WINDOWS (534cc44398e07ca50f01e0e16853a2e1)] -> xpath: //a[normalize-space()='Find a Dealer']]
2023-05-18 22:05:813 INFO  HomePage :31 - Mouse hover on:[[ChromeDriver: chrome on WINDOWS (1236d7fa28b15d40f901e05ba17bbba8)] -> xpath: //a[normalize-space()='buy + sell']]
2023-05-18 22:05:953 INFO  CarsDealershipPage :67 - Clicking on:[[ChromeDriver: chrome on WINDOWS (1236d7fa28b15d40f901e05ba17bbba8)] -> xpath: //a[normalize-space()='Find a Dealer']]
2023-05-18 22:05:163 INFO  HomePage :31 - Mouse hover on:[[ChromeDriver: chrome on WINDOWS (050daa025e5d0c541aea9fc4956c2bbc)] -> xpath: //a[normalize-space()='buy + sell']]
2023-05-18 22:05:249 INFO  CarsDealershipPage :66 - Clicking on:[[ChromeDriver: chrome on WINDOWS (050daa025e5d0c541aea9fc4956c2bbc)] -> xpath: //a[normalize-space()='Find a Dealer']]
2023-05-18 22:05:770 INFO  HomePage :31 - Mouse hover on:[[ChromeDriver: chrome on WINDOWS (51a98dd69a957c63ef4e4e17a58731e4)] -> xpath: //a[normalize-space()='buy + sell']]
2023-05-18 22:05:914 INFO  CarsDealershipPage :67 - Clicking on:[[ChromeDriver: chrome on WINDOWS (51a98dd69a957c63ef4e4e17a58731e4)] -> xpath: //a[normalize-space()='Find a Dealer']]
2023-05-18 22:05:399 INFO  HomePage :31 - Mouse hover on:[[ChromeDriver: chrome on WINDOWS (9e7ed5283052761386a499f70c33db00)] -> xpath: //a[normalize-space()='buy + sell']]
2023-05-18 22:05:603 INFO  CarsDealershipPage :69 - Clicking on:[[ChromeDriver: chrome on WINDOWS (9e7ed5283052761386a499f70c33db00)] -> xpath: //a[normalize-space()='Find a Dealer']]
2023-05-18 22:05:346 INFO  HomePage :31 - Mouse hover on:[[ChromeDriver: chrome on WINDOWS (f83a81069d45fc2a797c78d499ffb41d)] -> xpath: //a[normalize-space()='buy + sell']]
2023-05-18 22:05:494 INFO  CarsDealershipPage :69 - Clicking on:[[ChromeDriver: chrome on WINDOWS (f83a81069d45fc2a797c78d499ffb41d)] -> xpath: //a[normalize-space()='Find a Dealer']]
2023-05-18 22:05:546 INFO  HomePage :31 - Mouse hover on:[[ChromeDriver: chrome on WINDOWS (4d3a1304f26dd025fc59ef5de0a1ff90)] -> xpath: //a[normalize-space()='buy + sell']]
2023-05-18 22:05:69 INFO  CarsDealershipPage :69 - Clicking on:[[ChromeDriver: chrome on WINDOWS (4d3a1304f26dd025fc59ef5de0a1ff90)] -> xpath: //a[normalize-space()='Find a Dealer']]
2023-05-18 22:05:317 INFO  HomePage :31 - Mouse hover on:[[ChromeDriver: chrome on WINDOWS (eff091b75699095b6fbe66e25a539fda)] -> xpath: //a[normalize-space()='buy + sell']]
2023-05-18 22:05:547 INFO  CarsDealershipPage :69 - Clicking on:[[ChromeDriver: chrome on WINDOWS (eff091b75699095b6fbe66e25a539fda)] -> xpath: //a[normalize-space()='Find a Dealer']]
2023-05-18 22:05:404 INFO  HomePage :31 - Mouse hover on:[[ChromeDriver: chrome on WINDOWS (cab9a776f8865afb7327c675bb2e35ef)] -> xpath: //a[normalize-space()='buy + sell']]
2023-05-18 22:05:498 INFO  CarsDealershipPage :69 - Clicking on:[[ChromeDriver: chrome on WINDOWS (cab9a776f8865afb7327c675bb2e35ef)] -> xpath: //a[normalize-space()='Find a Dealer']]
2023-05-18 22:05:507 INFO  HomePage :31 - Mouse hover on:[[ChromeDriver: chrome on WINDOWS (a8716ff7a6d1f52f5511632d2d8340ae)] -> xpath: //a[normalize-space()='buy + sell']]
2023-05-18 22:05:733 INFO  CarsDealershipPage :69 - Clicking on:[[ChromeDriver: chrome on WINDOWS (a8716ff7a6d1f52f5511632d2d8340ae)] -> xpath: //a[normalize-space()='Find a Dealer']]
2023-05-18 23:05:480 INFO  HomePage :31 - Mouse hover on:[[ChromeDriver: chrome on WINDOWS (3fa945364489e080cdc59baf38e3ed33)] -> xpath: //a[normalize-space()='buy + sell']]
2023-05-18 23:05:641 INFO  CarsDealershipPage :66 - Clicking on:[[ChromeDriver: chrome on WINDOWS (3fa945364489e080cdc59baf38e3ed33)] -> xpath: //a[normalize-space()='Find a Dealer']]
2023-05-18 23:05:802 INFO  HomePage :31 - Mouse hover on:[[ChromeDriver: chrome on WINDOWS (c92cd7f47efabfb7e583a28044156003)] -> xpath: //a[normalize-space()='buy + sell']]
2023-05-18 23:05:428 INFO  HomePage :31 - Mouse hover on:[[ChromeDriver: chrome on WINDOWS (30e106a18814d3d174ec805006e7e234)] -> xpath: //a[normalize-space()='buy + sell']]
2023-05-18 23:05:564 INFO  CarsDealershipPage :66 - Clicking on:[[ChromeDriver: chrome on WINDOWS (30e106a18814d3d174ec805006e7e234)] -> xpath: //a[normalize-space()='Find a Dealer']]
2023-05-18 23:05:819 INFO  HomePage :31 - Mouse hover on:[[ChromeDriver: chrome on WINDOWS (6ff9d64d2daf8c47f634fcf82484c373)] -> xpath: //a[normalize-space()='buy + sell']]
2023-05-18 23:05:974 INFO  CarsDealershipPage :66 - Clicking on:[[ChromeDriver: chrome on WINDOWS (6ff9d64d2daf8c47f634fcf82484c373)] -> xpath: //a[normalize-space()='Find a Dealer']]
2023-05-18 23:05:647 INFO  HomePage :31 - Mouse hover on:[[ChromeDriver: chrome on WINDOWS (ad9f5b72f7319f7e4372beedc29bcfc4)] -> xpath: //a[normalize-space()='buy + sell']]
2023-05-18 23:05:810 INFO  CarsDealershipPage :66 - Clicking on:[[ChromeDriver: chrome on WINDOWS (ad9f5b72f7319f7e4372beedc29bcfc4)] -> xpath: //a[normalize-space()='Find a Dealer']]
2023-05-18 23:05:651 INFO  HomePage :31 - Mouse hover on:[[ChromeDriver: chrome on WINDOWS (59f03e71363211cabad6f88c8f24ee07)] -> xpath: //a[normalize-space()='buy + sell']]
2023-05-18 23:05:401 INFO  CarsDealershipPage :66 - Clicking on:[[ChromeDriver: chrome on WINDOWS (59f03e71363211cabad6f88c8f24ee07)] -> xpath: //a[normalize-space()='Find a Dealer']]
2023-05-18 23:05:157 INFO  HomePage :31 - Mouse hover on:[[ChromeDriver: chrome on WINDOWS (d9050dd17b51aed8e903f1f107bd8c7d)] -> xpath: //a[normalize-space()='buy + sell']]
2023-05-18 23:05:301 INFO  CarsDealershipPage :66 - Clicking on:[[ChromeDriver: chrome on WINDOWS (d9050dd17b51aed8e903f1f107bd8c7d)] -> xpath: //a[normalize-space()='Find a Dealer']]
2023-05-18 23:05:118 INFO  HomePage :31 - Mouse hover on:[[ChromeDriver: chrome on WINDOWS (d5b8fd486e66fc8c88e3067565f987d6)] -> xpath: //a[normalize-space()='buy + sell']]
2023-05-18 23:05:245 INFO  CarsDealershipPage :66 - Clicking on:[[ChromeDriver: chrome on WINDOWS (d5b8fd486e66fc8c88e3067565f987d6)] -> xpath: //a[normalize-space()='Find a Dealer']]
2023-05-18 23:05:48 INFO  HomePage :31 - Mouse hover on:[[ChromeDriver: chrome on WINDOWS (1a70bb0f9d449eecfb64349319a90950)] -> xpath: //a[normalize-space()='buy + sell']]
2023-05-18 23:05:179 INFO  CarsDealershipPage :66 - Clicking on:[[ChromeDriver: chrome on WINDOWS (1a70bb0f9d449eecfb64349319a90950)] -> xpath: //a[normalize-space()='Find a Dealer']]
2023-05-18 23:05:586 INFO  HomePage :31 - Mouse hover on:[[ChromeDriver: chrome on WINDOWS (b0cb6ee6e238ff10f42dc17839e30f52)] -> xpath: //a[normalize-space()='buy + sell']]
2023-05-18 23:05:838 INFO  CarsDealershipPage :66 - Clicking on:[[ChromeDriver: chrome on WINDOWS (b0cb6ee6e238ff10f42dc17839e30f52)] -> xpath: //a[normalize-space()='Find a Dealer']]
